<<<<<<< HEAD
{"L":"\u001b[34mINFO\u001b[0m","T":"2024-09-02 20:02:07.56","M":"当前运行模式","env":"dev","is_debug":true}
{"L":"\u001b[34mINFO\u001b[0m","T":"2024-09-02 22:21:29.378","M":"当前运行模式","env":"dev","is_debug":true}
<<<<<<< HEAD
{"L":"\u001b[34mINFO\u001b[0m","T":"2024-09-02 22:27:51.366","M":"当前运行模式","env":"dev","is_debug":true}
=======
=======
{"L":"\u001b[34mINFO\u001b[0m","T":"2024-08-06 22:34:15.565","M":"当前运行模式","env":"dev","is_debug":true}
{"L":"\u001b[34mINFO\u001b[0m","T":"2024-08-06 22:37:47.175","M":"当前运行模式","env":"dev","is_debug":true}
{"L":"\u001b[34mINFO\u001b[0m","T":"2024-08-06 23:18:24.392","M":"当前运行模式","env":"dev","is_debug":true}
{"L":"\u001b[34mINFO\u001b[0m","T":"2024-08-06 23:30:18.508","M":"当前运行模式","env":"dev","is_debug":true}
{"L":"\u001b[34mINFO\u001b[0m","T":"2024-08-07 19:13:58.892","M":"当前运行模式","env":"dev","is_debug":true}
{"L":"\u001b[34mINFO\u001b[0m","T":"2024-08-07 22:26:43.621","M":"当前运行模式","env":"dev","is_debug":true}
{"L":"\u001b[34mINFO\u001b[0m","T":"2024-08-07 22:29:10.332","M":"当前运行模式","env":"dev","is_debug":true}
{"L":"\u001b[34mINFO\u001b[0m","T":"2024-08-07 22:29:14.153","M":"...","err":"invalid character 'u' looking for beginning of value"}
{"L":"\u001b[34mINFO\u001b[0m","T":"2024-08-07 22:30:03.474","M":"...","err":"invalid character 'u' looking for beginning of value"}
{"L":"\u001b[34mINFO\u001b[0m","T":"2024-08-07 22:30:07.061","M":"...","err":"invalid character 'u' looking for beginning of value"}
{"L":"\u001b[34mINFO\u001b[0m","T":"2024-08-07 22:30:57.854","M":"...","err":"invalid character '-' in numeric literal"}
{"L":"\u001b[34mINFO\u001b[0m","T":"2024-08-07 22:31:17.797","M":"...","err":"invalid character '-' in numeric literal"}
{"L":"\u001b[34mINFO\u001b[0m","T":"2024-08-07 22:32:01.711","M":"...","err":"invalid character 'u' looking for beginning of value"}
{"L":"\u001b[34mINFO\u001b[0m","T":"2024-08-07 22:32:20.191","M":"...","err":"invalid character 'u' looking for beginning of value"}
{"L":"\u001b[34mINFO\u001b[0m","T":"2024-08-07 22:32:29.857","M":"...","err":"invalid character 'u' looking for beginning of value"}
{"L":"\u001b[34mINFO\u001b[0m","T":"2024-08-07 22:33:45.437","M":"...","err":"invalid character 'u' looking for beginning of value"}
{"L":"\u001b[34mINFO\u001b[0m","T":"2024-08-07 22:34:09.886","M":"当前运行模式","env":"dev","is_debug":true}
{"L":"\u001b[34mINFO\u001b[0m","T":"2024-08-07 22:34:12.234","M":"...","err":"invalid character 'u' looking for beginning of value"}
{"L":"\u001b[34mINFO\u001b[0m","T":"2024-08-07 22:34:24.626","M":"...","err":"invalid character '-' in numeric literal"}
{"L":"\u001b[34mINFO\u001b[0m","T":"2024-08-07 22:35:00.211","M":"当前运行模式","env":"dev","is_debug":true}
{"L":"\u001b[34mINFO\u001b[0m","T":"2024-08-07 22:35:52.027","M":"当前运行模式","env":"dev","is_debug":true}
{"L":"\u001b[34mINFO\u001b[0m","T":"2024-08-07 22:38:12.074","M":"当前运行模式","env":"dev","is_debug":true}
{"L":"\u001b[34mINFO\u001b[0m","T":"2024-08-14 22:25:38.179","M":"当前运行模式","env":"dev","is_debug":true}
{"L":"\u001b[34mINFO\u001b[0m","T":"2024-08-14 22:33:15.866","M":"当前运行模式","env":"dev","is_debug":true}
{"L":"\u001b[34mINFO\u001b[0m","T":"2024-08-14 22:34:39.76","M":"当前运行模式","env":"dev","is_debug":true}
{"L":"\u001b[34mINFO\u001b[0m","T":"2024-08-14 22:35:27.664","M":"当前运行模式","env":"dev","is_debug":true}
{"L":"\u001b[34mINFO\u001b[0m","T":"2024-08-14 22:35:53.214","M":"当前运行模式","env":"dev","is_debug":true}
{"L":"\u001b[34mINFO\u001b[0m","T":"2024-08-14 22:37:30.128","M":"当前运行模式","env":"dev","is_debug":true}
{"L":"\u001b[34mINFO\u001b[0m","T":"2024-08-14 22:38:18.738","M":"当前运行模式","env":"dev","is_debug":true}
{"L":"\u001b[34mINFO\u001b[0m","T":"2024-08-14 22:41:26.404","M":"当前运行模式","env":"dev","is_debug":true}
{"L":"\u001b[34mINFO\u001b[0m","T":"2024-08-14 22:42:42.093","M":"当前运行模式","env":"dev","is_debug":true}
{"L":"\u001b[34mINFO\u001b[0m","T":"2024-08-14 22:44:00.046","M":"当前运行模式","env":"dev","is_debug":true}
{"L":"\u001b[34mINFO\u001b[0m","T":"2024-08-14 22:54:10.676","M":"当前运行模式","env":"dev","is_debug":true}
{"L":"\u001b[34mINFO\u001b[0m","T":"2024-08-14 22:55:30.834","M":"当前运行模式","env":"dev","is_debug":true}
{"L":"\u001b[34mINFO\u001b[0m","T":"2024-08-14 23:04:08.643","M":"当前运行模式","env":"dev","is_debug":true}
{"L":"\u001b[34mINFO\u001b[0m","T":"2024-08-14 23:12:19.657","M":"当前运行模式","env":"dev","is_debug":true}
{"L":"\u001b[34mINFO\u001b[0m","T":"2024-08-14 23:12:54.168","M":"当前运行模式","env":"dev","is_debug":true}
{"L":"\u001b[34mINFO\u001b[0m","T":"2024-08-14 23:13:52.58","M":"当前运行模式","env":"dev","is_debug":true}
{"L":"\u001b[34mINFO\u001b[0m","T":"2024-08-14 23:14:39.726","M":"当前运行模式","env":"dev","is_debug":true}
{"L":"\u001b[34mINFO\u001b[0m","T":"2024-08-14 23:16:13.819","M":"当前运行模式","env":"dev","is_debug":true}
{"L":"\u001b[34mINFO\u001b[0m","T":"2024-08-14 23:16:35.332","M":"当前运行模式","env":"dev","is_debug":true}
{"L":"\u001b[34mINFO\u001b[0m","T":"2024-08-14 23:17:36.085","M":"当前运行模式","env":"dev","is_debug":true}
{"L":"\u001b[34mINFO\u001b[0m","T":"2024-08-14 23:19:24.396","M":"当前运行模式","env":"dev","is_debug":true}
{"L":"\u001b[34mINFO\u001b[0m","T":"2024-08-14 23:22:52.975","M":"当前运行模式","env":"dev","is_debug":true}
{"L":"\u001b[34mINFO\u001b[0m","T":"2024-08-14 23:29:07.937","M":"当前运行模式","env":"dev","is_debug":true}
{"L":"\u001b[34mINFO\u001b[0m","T":"2024-08-14 23:30:17.568","M":"当前运行模式","env":"dev","is_debug":true}
<<<<<<< HEAD
{"L":"\u001b[34mINFO\u001b[0m","T":"2024-08-20 21:15:27.986","M":"当前运行模式","env":"dev","is_debug":true}
=======
{"L":"\u001b[34mINFO\u001b[0m","T":"2024-08-15 10:34:59.044","M":"当前运行模式","env":"dev","is_debug":true}
{"L":"\u001b[34mINFO\u001b[0m","T":"2024-08-15 10:53:20.017","M":"当前运行模式","env":"dev","is_debug":true}
{"L":"\u001b[34mINFO\u001b[0m","T":"2024-08-15 11:06:27.094","M":"当前运行模式","env":"dev","is_debug":true}
{"L":"\u001b[34mINFO\u001b[0m","T":"2024-08-15 11:08:19.871","M":"当前运行模式","env":"dev","is_debug":true}
{"L":"\u001b[34mINFO\u001b[0m","T":"2024-08-15 11:10:10.987","M":"当前运行模式","env":"dev","is_debug":true}
{"L":"\u001b[34mINFO\u001b[0m","T":"2024-08-15 11:17:49.883","M":"当前运行模式","env":"dev","is_debug":true}
{"L":"\u001b[34mINFO\u001b[0m","T":"2024-08-15 11:23:12.489","M":"当前运行模式","env":"dev","is_debug":true}
{"L":"\u001b[34mINFO\u001b[0m","T":"2024-08-15 13:58:04.037","M":"当前运行模式","env":"dev","is_debug":true}
{"L":"\u001b[34mINFO\u001b[0m","T":"2024-08-15 15:01:47.214","M":"当前运行模式","env":"dev","is_debug":true}
{"L":"\u001b[34mINFO\u001b[0m","T":"2024-08-15 15:09:04.914","M":"当前运行模式","env":"dev","is_debug":true}
{"L":"\u001b[34mINFO\u001b[0m","T":"2024-08-15 15:18:34.76","M":"当前运行模式","env":"dev","is_debug":true}
>>>>>>> afcf7163593fd2a1e0199585bb763a2dc1b801e1
{"L":"\u001b[34mINFO\u001b[0m","T":"2024-08-20 21:17:53.382","M":"当前运行模式","env":"dev","is_debug":true}
{"L":"\u001b[34mINFO\u001b[0m","T":"2024-08-22 15:59:12.886","M":"当前运行模式","env":"dev","is_debug":true}
{"L":"\u001b[34mINFO\u001b[0m","T":"2024-08-27 17:05:37.281","M":"当前运行模式","env":"dev","is_debug":true}
{"L":"\u001b[34mINFO\u001b[0m","T":"2024-08-27 17:35:56.157","M":"当前运行模式","env":"dev","is_debug":true}
{"L":"\u001b[34mINFO\u001b[0m","T":"2024-08-27 17:52:41.278","M":"当前运行模式","env":"dev","is_debug":true}
{"L":"\u001b[34mINFO\u001b[0m","T":"2024-08-27 17:54:19.711","M":"当前运行模式","env":"dev","is_debug":true}
{"L":"\u001b[34mINFO\u001b[0m","T":"2024-08-27 17:58:21.997","M":"当前运行模式","env":"dev","is_debug":true}
{"L":"\u001b[34mINFO\u001b[0m","T":"2024-08-27 17:59:09.693","M":"当前运行模式","env":"dev","is_debug":true}
{"L":"\u001b[34mINFO\u001b[0m","T":"2024-08-27 17:59:36.961","M":"当前运行模式","env":"dev","is_debug":true}
{"L":"\u001b[34mINFO\u001b[0m","T":"2024-08-27 18:00:08.189","M":"当前运行模式","env":"dev","is_debug":true}
{"L":"\u001b[34mINFO\u001b[0m","T":"2024-08-27 18:02:05.394","M":"当前运行模式","env":"dev","is_debug":true}
{"L":"\u001b[34mINFO\u001b[0m","T":"2024-08-28 09:38:01.131","M":"当前运行模式","env":"dev","is_debug":true}
{"L":"\u001b[34mINFO\u001b[0m","T":"2024-08-28 09:45:42.801","M":"当前运行模式","env":"dev","is_debug":true}
{"L":"\u001b[34mINFO\u001b[0m","T":"2024-08-28 09:46:13.554","M":"当前运行模式","env":"dev","is_debug":true}
{"L":"\u001b[34mINFO\u001b[0m","T":"2024-08-28 09:47:26.268","M":"当前运行模式","env":"dev","is_debug":true}
{"L":"\u001b[34mINFO\u001b[0m","T":"2024-08-28 09:55:53.871","M":"当前运行模式","env":"dev","is_debug":true}
{"L":"\u001b[34mINFO\u001b[0m","T":"2024-08-28 09:56:44.438","M":"当前运行模式","env":"dev","is_debug":true}
{"L":"\u001b[34mINFO\u001b[0m","T":"2024-08-28 10:00:51.887","M":"当前运行模式","env":"dev","is_debug":true}
{"L":"\u001b[34mINFO\u001b[0m","T":"2024-08-28 11:25:02.325","M":"当前运行模式","env":"dev","is_debug":true}
{"L":"\u001b[34mINFO\u001b[0m","T":"2024-08-28 13:57:02.386","M":"当前运行模式","env":"dev","is_debug":true}
{"L":"\u001b[34mINFO\u001b[0m","T":"2024-08-28 13:59:42.251","M":"当前运行模式","env":"dev","is_debug":true}
{"L":"\u001b[34mINFO\u001b[0m","T":"2024-08-28 14:00:35.013","M":"当前运行模式","env":"dev","is_debug":true}
{"L":"\u001b[34mINFO\u001b[0m","T":"2024-08-28 14:02:42.361","M":"当前运行模式","env":"dev","is_debug":true}
{"L":"\u001b[34mINFO\u001b[0m","T":"2024-08-28 14:09:51.268","M":"当前运行模式","env":"dev","is_debug":true}
{"L":"\u001b[34mINFO\u001b[0m","T":"2024-08-28 14:10:16.231","M":"当前运行模式","env":"dev","is_debug":true}
{"L":"\u001b[34mINFO\u001b[0m","T":"2024-08-28 14:11:14.706","M":"当前运行模式","env":"dev","is_debug":true}
{"L":"\u001b[34mINFO\u001b[0m","T":"2024-08-28 14:14:48.676","M":"当前运行模式","env":"dev","is_debug":true}
{"L":"\u001b[34mINFO\u001b[0m","T":"2024-08-28 14:19:24.425","M":"当前运行模式","env":"dev","is_debug":true}
{"L":"\u001b[34mINFO\u001b[0m","T":"2024-08-28 14:19:58.289","M":"当前运行模式","env":"dev","is_debug":true}
{"L":"\u001b[34mINFO\u001b[0m","T":"2024-08-28 14:20:13.678","M":"当前运行模式","env":"dev","is_debug":true}
{"L":"\u001b[34mINFO\u001b[0m","T":"2024-08-28 14:21:09.368","M":"当前运行模式","env":"dev","is_debug":true}
{"L":"\u001b[34mINFO\u001b[0m","T":"2024-08-28 14:34:00.952","M":"当前运行模式","env":"dev","is_debug":true}
{"L":"\u001b[34mINFO\u001b[0m","T":"2024-08-28 14:37:28.942","M":"当前运行模式","env":"dev","is_debug":true}
{"L":"\u001b[34mINFO\u001b[0m","T":"2024-08-28 14:42:05.21","M":"当前运行模式","env":"dev","is_debug":true}
{"L":"\u001b[34mINFO\u001b[0m","T":"2024-08-28 14:42:18.083","M":"当前运行模式","env":"dev","is_debug":true}
{"L":"\u001b[34mINFO\u001b[0m","T":"2024-09-02 09:12:30.39","M":"当前运行模式","env":"dev","is_debug":true}
{"L":"\u001b[34mINFO\u001b[0m","T":"2024-09-02 10:02:53.365","M":"当前运行模式","env":"dev","is_debug":true}
{"L":"\u001b[34mINFO\u001b[0m","T":"2024-09-02 10:03:13.365","M":"当前运行模式","env":"dev","is_debug":true}
{"L":"\u001b[34mINFO\u001b[0m","T":"2024-09-02 10:03:40.01","M":"当前运行模式","env":"dev","is_debug":true}
{"L":"\u001b[34mINFO\u001b[0m","T":"2024-09-02 10:04:17.795","M":"当前运行模式","env":"dev","is_debug":true}
{"L":"\u001b[34mINFO\u001b[0m","T":"2024-09-02 10:05:19.142","M":"当前运行模式","env":"dev","is_debug":true}
{"L":"\u001b[34mINFO\u001b[0m","T":"2024-09-02 10:08:21.579","M":"当前运行模式","env":"dev","is_debug":true}
{"L":"\u001b[34mINFO\u001b[0m","T":"2024-09-02 10:41:47.13","M":"当前运行模式","env":"dev","is_debug":true}
{"L":"\u001b[34mINFO\u001b[0m","T":"2024-09-02 11:01:46.305","M":"当前运行模式","env":"dev","is_debug":true}
{"L":"\u001b[34mINFO\u001b[0m","T":"2024-09-02 11:21:08.165","M":"当前运行模式","env":"dev","is_debug":true}
{"L":"\u001b[34mINFO\u001b[0m","T":"2024-09-02 11:22:29.608","M":"当前运行模式","env":"dev","is_debug":true}
{"L":"\u001b[34mINFO\u001b[0m","T":"2024-09-02 11:26:07.172","M":"当前运行模式","env":"dev","is_debug":true}
{"L":"\u001b[34mINFO\u001b[0m","T":"2024-09-02 11:27:39.256","M":"当前运行模式","env":"dev","is_debug":true}
{"L":"\u001b[34mINFO\u001b[0m","T":"2024-09-02 11:28:45.958","M":"当前运行模式","env":"dev","is_debug":true}
{"L":"\u001b[34mINFO\u001b[0m","T":"2024-09-02 11:31:05.081","M":"当前运行模式","env":"dev","is_debug":true}
{"L":"\u001b[34mINFO\u001b[0m","T":"2024-09-02 11:33:16.43","M":"当前运行模式","env":"dev","is_debug":true}
{"L":"\u001b[34mINFO\u001b[0m","T":"2024-09-02 11:37:12.871","M":"当前运行模式","env":"dev","is_debug":true}
{"L":"\u001b[34mINFO\u001b[0m","T":"2024-09-02 11:38:56.868","M":"当前运行模式","env":"dev","is_debug":true}
{"L":"\u001b[34mINFO\u001b[0m","T":"2024-09-02 11:40:35.833","M":"当前运行模式","env":"dev","is_debug":true}
{"L":"\u001b[34mINFO\u001b[0m","T":"2024-09-02 11:43:38.084","M":"当前运行模式","env":"dev","is_debug":true}
{"L":"\u001b[34mINFO\u001b[0m","T":"2024-09-02 11:46:23.123","M":"当前运行模式","env":"dev","is_debug":true}
{"L":"\u001b[34mINFO\u001b[0m","T":"2024-09-02 11:47:14.322","M":"当前运行模式","env":"dev","is_debug":true}
{"L":"\u001b[34mINFO\u001b[0m","T":"2024-09-02 11:47:50.364","M":"当前运行模式","env":"dev","is_debug":true}
{"L":"\u001b[34mINFO\u001b[0m","T":"2024-09-02 11:49:04.075","M":"当前运行模式","env":"dev","is_debug":true}
{"L":"\u001b[34mINFO\u001b[0m","T":"2024-09-02 11:50:49.409","M":"当前运行模式","env":"dev","is_debug":true}
{"L":"\u001b[34mINFO\u001b[0m","T":"2024-09-02 14:03:39.646","M":"当前运行模式","env":"dev","is_debug":true}
{"L":"\u001b[34mINFO\u001b[0m","T":"2024-09-02 14:13:49.45","M":"当前运行模式","env":"dev","is_debug":true}
{"L":"\u001b[34mINFO\u001b[0m","T":"2024-09-02 14:41:56.599","M":"当前运行模式","env":"dev","is_debug":true}
{"L":"\u001b[34mINFO\u001b[0m","T":"2024-09-02 14:45:09.799","M":"当前运行模式","env":"dev","is_debug":true}
{"L":"\u001b[34mINFO\u001b[0m","T":"2024-09-02 14:58:04.175","M":"当前运行模式","env":"dev","is_debug":true}
{"L":"\u001b[34mINFO\u001b[0m","T":"2024-09-02 15:04:31.307","M":"当前运行模式","env":"dev","is_debug":true}
{"L":"\u001b[34mINFO\u001b[0m","T":"2024-09-03 16:00:35.442","M":"当前运行模式","env":"dev","is_debug":true}
>>>>>>> 2b44baf (feat:1)
>>>>>>> 2d13e5fb051f073879f347cc3b2385b9ba1f143e
{"L":"\u001b[34mINFO\u001b[0m","T":"2024-09-03 20:32:44.282","M":"当前运行模式","env":"dev","is_debug":true}
{"L":"\u001b[34mINFO\u001b[0m","T":"2024-09-03 20:51:59.225","M":"当前运行模式","env":"dev","is_debug":true}
{"L":"\u001b[34mINFO\u001b[0m","T":"2024-09-03 20:59:51.693","M":"当前运行模式","env":"dev","is_debug":true}
{"L":"\u001b[34mINFO\u001b[0m","T":"2024-09-03 21:02:29.002","M":"当前运行模式","env":"dev","is_debug":true}
{"L":"\u001b[34mINFO\u001b[0m","T":"2024-09-03 21:04:26.275","M":"当前运行模式","env":"dev","is_debug":true}
{"L":"\u001b[34mINFO\u001b[0m","T":"2024-09-03 21:23:11.111","M":"当前运行模式","env":"dev","is_debug":true}
{"L":"\u001b[34mINFO\u001b[0m","T":"2024-09-03 21:27:31.167","M":"当前运行模式","env":"dev","is_debug":true}
{"L":"\u001b[34mINFO\u001b[0m","T":"2024-09-03 21:28:32.026","M":"当前运行模式","env":"dev","is_debug":true}
{"L":"\u001b[34mINFO\u001b[0m","T":"2024-09-03 21:30:52.599","M":"当前运行模式","env":"dev","is_debug":true}
{"L":"\u001b[34mINFO\u001b[0m","T":"2024-09-03 21:33:57.223","M":"当前运行模式","env":"dev","is_debug":true}
{"L":"\u001b[34mINFO\u001b[0m","T":"2024-09-03 21:36:52.127","M":"当前运行模式","env":"dev","is_debug":true}
{"L":"\u001b[34mINFO\u001b[0m","T":"2024-09-03 21:37:37.877","M":"当前运行模式","env":"dev","is_debug":true}
{"L":"\u001b[34mINFO\u001b[0m","T":"2024-09-03 21:39:34.135","M":"当前运行模式","env":"dev","is_debug":true}
{"L":"\u001b[34mINFO\u001b[0m","T":"2024-09-03 21:42:05.503","M":"当前运行模式","env":"dev","is_debug":true}
{"L":"\u001b[34mINFO\u001b[0m","T":"2024-09-03 21:42:54.895","M":"当前运行模式","env":"dev","is_debug":true}
{"L":"\u001b[34mINFO\u001b[0m","T":"2024-09-03 21:45:29.974","M":"当前运行模式","env":"dev","is_debug":true}
{"L":"\u001b[34mINFO\u001b[0m","T":"2024-09-03 21:52:09.521","M":"当前运行模式","env":"dev","is_debug":true}
{"L":"\u001b[34mINFO\u001b[0m","T":"2024-09-03 21:52:47.978","M":"当前运行模式","env":"dev","is_debug":true}
{"L":"\u001b[34mINFO\u001b[0m","T":"2024-09-04 11:28:25.271","M":"当前运行模式","env":"dev","is_debug":true}
{"L":"\u001b[34mINFO\u001b[0m","T":"2024-09-04 14:25:34.848","M":"当前运行模式","env":"dev","is_debug":true}
{"L":"\u001b[34mINFO\u001b[0m","T":"2024-09-05 13:50:49.899","M":"当前运行模式","env":"dev","is_debug":true}
{"L":"\u001b[34mINFO\u001b[0m","T":"2024-09-05 15:35:15.612","M":"当前运行模式","env":"dev","is_debug":true}
{"L":"\u001b[34mINFO\u001b[0m","T":"2024-09-05 15:35:48.656","M":"当前运行模式","env":"dev","is_debug":true}
{"L":"\u001b[34mINFO\u001b[0m","T":"2024-09-05 15:40:41.527","M":"当前运行模式","env":"dev","is_debug":true}
{"L":"\u001b[34mINFO\u001b[0m","T":"2024-09-05 15:42:47.596","M":"当前运行模式","env":"dev","is_debug":true}
{"L":"\u001b[34mINFO\u001b[0m","T":"2024-09-05 15:44:30.07","M":"当前运行模式","env":"dev","is_debug":true}
{"L":"\u001b[34mINFO\u001b[0m","T":"2024-09-05 15:51:17.756","M":"当前运行模式","env":"dev","is_debug":true}
{"L":"\u001b[34mINFO\u001b[0m","T":"2024-09-05 15:54:15.395","M":"当前运行模式","env":"dev","is_debug":true}
{"L":"\u001b[34mINFO\u001b[0m","T":"2024-09-05 15:54:56.354","M":"当前运行模式","env":"dev","is_debug":true}
{"L":"\u001b[34mINFO\u001b[0m","T":"2024-09-05 15:56:31.091","M":"当前运行模式","env":"dev","is_debug":true}
{"L":"\u001b[34mINFO\u001b[0m","T":"2024-09-05 15:56:56.13","M":"当前运行模式","env":"dev","is_debug":true}
{"L":"\u001b[34mINFO\u001b[0m","T":"2024-09-05 16:14:00.695","M":"当前运行模式","env":"dev","is_debug":true}
{"L":"\u001b[34mINFO\u001b[0m","T":"2024-09-05 16:14:22.84","M":"当前运行模式","env":"dev","is_debug":true}
{"L":"\u001b[34mINFO\u001b[0m","T":"2024-09-05 16:42:43.855","M":"当前运行模式","env":"dev","is_debug":true}
{"L":"\u001b[34mINFO\u001b[0m","T":"2024-09-05 17:06:05.378","M":"当前运行模式","env":"dev","is_debug":true}
{"L":"\u001b[34mINFO\u001b[0m","T":"2024-09-05 17:09:07.755","M":"当前运行模式","env":"dev","is_debug":true}
{"L":"\u001b[34mINFO\u001b[0m","T":"2024-09-05 17:15:46.432","M":"当前运行模式","env":"dev","is_debug":true}
{"L":"\u001b[34mINFO\u001b[0m","T":"2024-09-05 17:16:51.637","M":"当前运行模式","env":"dev","is_debug":true}
{"L":"\u001b[34mINFO\u001b[0m","T":"2024-09-05 17:17:32.773","M":"当前运行模式","env":"dev","is_debug":true}
{"L":"\u001b[34mINFO\u001b[0m","T":"2024-09-05 17:18:01.11","M":"当前运行模式","env":"dev","is_debug":true}
{"L":"\u001b[34mINFO\u001b[0m","T":"2024-09-05 17:20:18.055","M":"当前运行模式","env":"dev","is_debug":true}
{"L":"\u001b[34mINFO\u001b[0m","T":"2024-09-05 17:25:31.692","M":"当前运行模式","env":"dev","is_debug":true}
{"L":"\u001b[34mINFO\u001b[0m","T":"2024-09-05 17:36:58.25","M":"当前运行模式","env":"dev","is_debug":true}
{"L":"\u001b[34mINFO\u001b[0m","T":"2024-09-05 17:42:23.396","M":"当前运行模式","env":"dev","is_debug":true}
{"L":"\u001b[34mINFO\u001b[0m","T":"2024-09-06 09:49:53.738","M":"当前运行模式","env":"dev","is_debug":true}
{"L":"\u001b[34mINFO\u001b[0m","T":"2024-09-06 10:02:55.251","M":"当前运行模式","env":"dev","is_debug":true}
{"L":"\u001b[34mINFO\u001b[0m","T":"2024-09-06 10:28:20.798","M":"当前运行模式","env":"dev","is_debug":true}
{"L":"\u001b[34mINFO\u001b[0m","T":"2024-09-07 16:28:53.947","M":"当前运行模式","env":"dev","is_debug":true}
{"L":"\u001b[34mINFO\u001b[0m","T":"2024-09-07 16:28:54.823","M":"同步数据库 Api 成功,影响行数","count":11}
{"L":"\u001b[34mINFO\u001b[0m","T":"2024-09-07 16:30:13.152","M":"当前运行模式","env":"dev","is_debug":true}
{"L":"\u001b[34mINFO\u001b[0m","T":"2024-09-07 16:30:13.932","M":"成功同步 0 条 Api 到数据库 ","count":0}
{"L":"\u001b[34mINFO\u001b[0m","T":"2024-09-07 17:03:00.814","M":"当前运行模式","env":"dev","is_debug":true}
{"L":"\u001b[34mINFO\u001b[0m","T":"2024-09-07 17:03:01.335","M":"成功同步 12 条新 Api 到数据库 ","count":12}
{"L":"\u001b[34mINFO\u001b[0m","T":"2024-09-07 17:32:39.885","M":"当前运行模式","env":"dev","is_debug":true}
{"L":"\u001b[34mINFO\u001b[0m","T":"2024-09-07 17:32:40.406","M":"成功同步 0 条新 Api 到数据库 ","count":0}
{"L":"\u001b[34mINFO\u001b[0m","T":"2024-09-07 17:36:36.398","M":"当前运行模式","env":"dev","is_debug":true}
{"L":"\u001b[34mINFO\u001b[0m","T":"2024-09-07 17:36:36.939","M":"成功同步 0 条新 Api 到数据库 ","count":0}
{"L":"\u001b[34mINFO\u001b[0m","T":"2024-09-07 17:47:57.964","M":"当前运行模式","env":"dev","is_debug":true}
{"L":"\u001b[34mINFO\u001b[0m","T":"2024-09-07 17:47:58.499","M":"成功同步 0 条新 Api 到数据库 ","count":0}
{"L":"\u001b[34mINFO\u001b[0m","T":"2024-09-07 18:07:52.426","M":"当前运行模式","env":"dev","is_debug":true}
{"L":"\u001b[34mINFO\u001b[0m","T":"2024-09-07 18:07:53.976","M":"成功同步 0 条新 Api 到数据库 ","count":0}
{"L":"\u001b[34mINFO\u001b[0m","T":"2024-09-07 18:09:05.586","M":"当前运行模式","env":"dev","is_debug":true}
{"L":"\u001b[34mINFO\u001b[0m","T":"2024-09-07 18:09:06.08","M":"成功同步 0 条新 Api 到数据库 ","count":0}
{"L":"\u001b[34mINFO\u001b[0m","T":"2024-09-07 18:10:11.73","M":"当前运行模式","env":"dev","is_debug":true}
{"L":"\u001b[34mINFO\u001b[0m","T":"2024-09-07 18:10:12.423","M":"成功同步 0 条新 Api 到数据库 ","count":0}
{"L":"\u001b[34mINFO\u001b[0m","T":"2024-09-07 19:02:48.903","M":"当前运行模式","env":"dev","is_debug":true}
{"L":"\u001b[34mINFO\u001b[0m","T":"2024-09-07 19:02:49.419","M":"成功同步 0 条新 Api 到数据库 ","count":0}
{"L":"\u001b[34mINFO\u001b[0m","T":"2024-09-07 22:42:15.587","M":"当前运行模式","env":"dev","is_debug":true}
{"L":"\u001b[34mINFO\u001b[0m","T":"2024-09-07 22:42:16.113","M":"成功同步 1 条新 Api 到数据库 ","count":1}
{"L":"\u001b[34mINFO\u001b[0m","T":"2024-09-07 22:47:16.301","M":"当前运行模式","env":"dev","is_debug":true}
{"L":"\u001b[34mINFO\u001b[0m","T":"2024-09-07 22:47:16.803","M":"成功同步 0 条新 Api 到数据库 ","count":0}
{"L":"\u001b[34mINFO\u001b[0m","T":"2024-09-07 22:47:40.485","M":"当前运行模式","env":"dev","is_debug":true}
{"L":"\u001b[34mINFO\u001b[0m","T":"2024-09-07 22:47:40.994","M":"成功同步 0 条新 Api 到数据库 ","count":0}
{"L":"\u001b[34mINFO\u001b[0m","T":"2024-09-08 19:19:01.098","M":"当前运行模式","env":"dev","is_debug":true}
{"L":"\u001b[34mINFO\u001b[0m","T":"2024-09-08 19:19:02.757","M":"成功同步 0 条新 Api 到数据库 ","count":0}
{"L":"\u001b[34mINFO\u001b[0m","T":"2024-09-08 20:26:02.843","M":"当前运行模式","env":"dev","is_debug":true}
{"L":"\u001b[34mINFO\u001b[0m","T":"2024-09-08 20:32:16.644","M":"当前运行模式","env":"dev","is_debug":true}
{"L":"\u001b[34mINFO\u001b[0m","T":"2024-09-08 20:32:17.908","M":"成功同步 0 条新 Api 到数据库 ","count":0}
{"L":"\u001b[34mINFO\u001b[0m","T":"2024-09-08 20:35:51.25","M":"当前运行模式","env":"dev","is_debug":true}
{"L":"\u001b[34mINFO\u001b[0m","T":"2024-09-08 20:35:52.51","M":"成功同步 0 条新 Api 到数据库 ","count":0}
{"L":"\u001b[34mINFO\u001b[0m","T":"2024-09-08 20:39:54.984","M":"当前运行模式","env":"dev","is_debug":true}
{"L":"\u001b[34mINFO\u001b[0m","T":"2024-09-08 20:40:22.856","M":"当前运行模式","env":"dev","is_debug":true}
{"L":"\u001b[34mINFO\u001b[0m","T":"2024-09-08 20:40:57.431","M":"当前运行模式","env":"dev","is_debug":true}
{"L":"\u001b[34mINFO\u001b[0m","T":"2024-09-08 20:41:39.832","M":"当前运行模式","env":"dev","is_debug":true}
{"L":"\u001b[34mINFO\u001b[0m","T":"2024-09-08 20:41:41.112","M":"成功同步 0 条新 Api 到数据库 ","count":0}
{"L":"\u001b[34mINFO\u001b[0m","T":"2024-09-08 20:42:13.379","M":"当前运行模式","env":"dev","is_debug":true}
{"L":"\u001b[34mINFO\u001b[0m","T":"2024-09-08 20:42:14.644","M":"成功同步 0 条新 Api 到数据库 ","count":0}
{"L":"\u001b[34mINFO\u001b[0m","T":"2024-09-08 20:49:39.018","M":"当前运行模式","env":"dev","is_debug":true}
{"L":"\u001b[34mINFO\u001b[0m","T":"2024-09-08 20:49:40.283","M":"成功同步 0 条新 Api 到数据库 ","count":0}
{"L":"\u001b[34mINFO\u001b[0m","T":"2024-09-08 20:53:05.499","M":"当前运行模式","env":"dev","is_debug":true}
{"L":"\u001b[34mINFO\u001b[0m","T":"2024-09-08 20:53:06.764","M":"成功同步 0 条新 Api 到数据库 ","count":0}
{"L":"\u001b[34mINFO\u001b[0m","T":"2024-09-08 20:54:52.536","M":"当前运行模式","env":"dev","is_debug":true}
{"L":"\u001b[34mINFO\u001b[0m","T":"2024-09-08 20:55:09.36","M":"当前运行模式","env":"dev","is_debug":true}
{"L":"\u001b[34mINFO\u001b[0m","T":"2024-09-08 20:55:36.739","M":"当前运行模式","env":"dev","is_debug":true}
{"L":"\u001b[34mINFO\u001b[0m","T":"2024-09-08 20:55:38.011","M":"成功同步 0 条新 Api 到数据库 ","count":0}
{"L":"\u001b[34mINFO\u001b[0m","T":"2024-09-08 22:45:15.199","M":"当前运行模式","env":"dev","is_debug":true}
{"L":"\u001b[34mINFO\u001b[0m","T":"2024-09-08 22:45:16.468","M":"成功同步 0 条新 Api 到数据库 ","count":0}
{"L":"\u001b[34mINFO\u001b[0m","T":"2024-09-08 22:45:39.702","M":"当前运行模式","env":"dev","is_debug":true}
{"L":"\u001b[34mINFO\u001b[0m","T":"2024-09-08 22:45:40.969","M":"成功同步 0 条新 Api 到数据库 ","count":0}
{"L":"\u001b[34mINFO\u001b[0m","T":"2024-09-08 22:57:37.773","M":"当前运行模式","env":"dev","is_debug":true}
{"L":"\u001b[34mINFO\u001b[0m","T":"2024-09-08 22:57:39.048","M":"成功同步 0 条新 Api 到数据库 ","count":0}
{"L":"\u001b[34mINFO\u001b[0m","T":"2024-09-08 23:24:11.351","M":"当前运行模式","env":"dev","is_debug":true}
{"L":"\u001b[34mINFO\u001b[0m","T":"2024-09-08 23:24:12.648","M":"成功同步 0 条新 Api 到数据库 ","count":0}
{"L":"\u001b[34mINFO\u001b[0m","T":"2024-09-08 23:24:43.102","M":"当前运行模式","env":"dev","is_debug":true}
{"L":"\u001b[34mINFO\u001b[0m","T":"2024-09-08 23:24:44.367","M":"成功同步 0 条新 Api 到数据库 ","count":0}
{"L":"\u001b[34mINFO\u001b[0m","T":"2024-09-08 23:25:00.038","M":"当前运行模式","env":"dev","is_debug":true}
{"L":"\u001b[34mINFO\u001b[0m","T":"2024-09-08 23:25:01.298","M":"成功同步 0 条新 Api 到数据库 ","count":0}
{"L":"\u001b[34mINFO\u001b[0m","T":"2024-09-08 23:25:18.83","M":"当前运行模式","env":"dev","is_debug":true}
{"L":"\u001b[34mINFO\u001b[0m","T":"2024-09-08 23:25:20.079","M":"成功同步 0 条新 Api 到数据库 ","count":0}
{"L":"\u001b[34mINFO\u001b[0m","T":"2024-09-08 23:25:50.231","M":"当前运行模式","env":"dev","is_debug":true}
{"L":"\u001b[34mINFO\u001b[0m","T":"2024-09-08 23:25:51.493","M":"成功同步 0 条新 Api 到数据库 ","count":0}
{"L":"\u001b[34mINFO\u001b[0m","T":"2024-09-08 23:26:13.035","M":"当前运行模式","env":"dev","is_debug":true}
{"L":"\u001b[34mINFO\u001b[0m","T":"2024-09-08 23:26:14.279","M":"成功同步 0 条新 Api 到数据库 ","count":0}
{"L":"\u001b[34mINFO\u001b[0m","T":"2024-09-08 23:26:25.955","M":"当前运行模式","env":"dev","is_debug":true}
{"L":"\u001b[34mINFO\u001b[0m","T":"2024-09-08 23:26:27.208","M":"成功同步 0 条新 Api 到数据库 ","count":0}
{"L":"\u001b[34mINFO\u001b[0m","T":"2024-09-08 23:27:33.345","M":"当前运行模式","env":"dev","is_debug":true}
{"L":"\u001b[34mINFO\u001b[0m","T":"2024-09-08 23:27:34.598","M":"成功同步 0 条新 Api 到数据库 ","count":0}
{"L":"\u001b[34mINFO\u001b[0m","T":"2024-09-09 09:39:54.756","M":"当前运行模式","env":"dev","is_debug":true}
{"L":"\u001b[34mINFO\u001b[0m","T":"2024-09-09 09:39:56.089","M":"成功同步 0 条新 Api 到数据库 ","count":0}
{"L":"\u001b[34mINFO\u001b[0m","T":"2024-09-09 09:40:33.546","M":"当前运行模式","env":"dev","is_debug":true}
{"L":"\u001b[34mINFO\u001b[0m","T":"2024-09-09 09:40:34.865","M":"成功同步 0 条新 Api 到数据库 ","count":0}
{"L":"\u001b[34mINFO\u001b[0m","T":"2024-09-09 09:41:16.079","M":"当前运行模式","env":"dev","is_debug":true}
{"L":"\u001b[34mINFO\u001b[0m","T":"2024-09-09 09:41:17.422","M":"成功同步 0 条新 Api 到数据库 ","count":0}
{"L":"\u001b[34mINFO\u001b[0m","T":"2024-09-09 09:42:02.275","M":"当前运行模式","env":"dev","is_debug":true}
{"L":"\u001b[34mINFO\u001b[0m","T":"2024-09-09 09:42:03.651","M":"成功同步 0 条新 Api 到数据库 ","count":0}
{"L":"\u001b[34mINFO\u001b[0m","T":"2024-09-09 09:42:26.899","M":"当前运行模式","env":"dev","is_debug":true}
{"L":"\u001b[34mINFO\u001b[0m","T":"2024-09-09 09:42:28.13","M":"成功同步 0 条新 Api 到数据库 ","count":0}
{"L":"\u001b[34mINFO\u001b[0m","T":"2024-09-09 09:45:47.866","M":"当前运行模式","env":"dev","is_debug":true}
{"L":"\u001b[34mINFO\u001b[0m","T":"2024-09-09 09:45:49.057","M":"成功同步 0 条新 Api 到数据库 ","count":0}
{"L":"\u001b[34mINFO\u001b[0m","T":"2024-09-09 09:52:10.703","M":"当前运行模式","env":"dev","is_debug":true}
{"L":"\u001b[34mINFO\u001b[0m","T":"2024-09-09 09:52:11.91","M":"成功同步 0 条新 Api 到数据库 ","count":0}
{"L":"\u001b[34mINFO\u001b[0m","T":"2024-09-09 09:53:10.385","M":"当前运行模式","env":"dev","is_debug":true}
{"L":"\u001b[34mINFO\u001b[0m","T":"2024-09-09 09:53:11.689","M":"成功同步 0 条新 Api 到数据库 ","count":0}
{"L":"\u001b[34mINFO\u001b[0m","T":"2024-09-09 09:58:04.345","M":"当前运行模式","env":"dev","is_debug":true}
{"L":"\u001b[34mINFO\u001b[0m","T":"2024-09-09 09:58:05.542","M":"成功同步 0 条新 Api 到数据库 ","count":0}
{"L":"\u001b[34mINFO\u001b[0m","T":"2024-09-09 09:58:28.068","M":"当前运行模式","env":"dev","is_debug":true}
{"L":"\u001b[34mINFO\u001b[0m","T":"2024-09-09 09:58:29.254","M":"成功同步 0 条新 Api 到数据库 ","count":0}
{"L":"\u001b[34mINFO\u001b[0m","T":"2024-09-09 10:00:55.152","M":"当前运行模式","env":"dev","is_debug":true}
{"L":"\u001b[34mINFO\u001b[0m","T":"2024-09-09 10:00:56.338","M":"成功同步 0 条新 Api 到数据库 ","count":0}
{"L":"\u001b[34mINFO\u001b[0m","T":"2024-09-09 10:47:39.963","M":"当前运行模式","env":"dev","is_debug":true}
{"L":"\u001b[34mINFO\u001b[0m","T":"2024-09-09 10:47:43.02","M":"成功同步 13 条新 Api 到数据库 ","count":13}
{"L":"\u001b[34mINFO\u001b[0m","T":"2024-09-09 11:00:53.211","M":"当前运行模式","env":"dev","is_debug":true}
{"L":"\u001b[34mINFO\u001b[0m","T":"2024-09-09 11:01:01.448","M":"成功同步 0 条新 Api 到数据库 ","count":0}
{"L":"\u001b[34mINFO\u001b[0m","T":"2024-09-09 11:02:22.295","M":"当前运行模式","env":"dev","is_debug":true}
{"L":"\u001b[34mINFO\u001b[0m","T":"2024-09-09 11:02:23.436","M":"成功同步 0 条新 Api 到数据库 ","count":0}
{"L":"\u001b[34mINFO\u001b[0m","T":"2024-09-09 11:09:10.416","M":"当前运行模式","env":"dev","is_debug":true}
{"L":"\u001b[34mINFO\u001b[0m","T":"2024-09-09 11:09:11.612","M":"成功同步 0 条新 Api 到数据库 ","count":0}
{"L":"\u001b[34mINFO\u001b[0m","T":"2024-09-09 11:17:51.3","M":"当前运行模式","env":"dev","is_debug":true}
{"L":"\u001b[34mINFO\u001b[0m","T":"2024-09-09 11:17:53.442","M":"成功同步 0 条新 Api 到数据库 ","count":0}
{"L":"\u001b[34mINFO\u001b[0m","T":"2024-09-09 11:22:46.653","M":"当前运行模式","env":"dev","is_debug":true}
{"L":"\u001b[34mINFO\u001b[0m","T":"2024-09-09 11:22:47.806","M":"成功同步 0 条新 Api 到数据库 ","count":0}
{"L":"\u001b[34mINFO\u001b[0m","T":"2024-09-09 11:24:19.996","M":"当前运行模式","env":"dev","is_debug":true}
{"L":"\u001b[34mINFO\u001b[0m","T":"2024-09-09 11:24:21.16","M":"成功同步 0 条新 Api 到数据库 ","count":0}
{"L":"\u001b[34mINFO\u001b[0m","T":"2024-09-09 11:26:58.357","M":"当前运行模式","env":"dev","is_debug":true}
{"L":"\u001b[34mINFO\u001b[0m","T":"2024-09-09 11:26:59.526","M":"成功同步 0 条新 Api 到数据库 ","count":0}
{"L":"\u001b[34mINFO\u001b[0m","T":"2024-09-09 11:29:05.16","M":"当前运行模式","env":"dev","is_debug":true}
{"L":"\u001b[34mINFO\u001b[0m","T":"2024-09-09 11:29:06.493","M":"成功同步 0 条新 Api 到数据库 ","count":0}
{"L":"\u001b[34mINFO\u001b[0m","T":"2024-09-09 11:29:36.59","M":"当前运行模式","env":"dev","is_debug":true}
{"L":"\u001b[34mINFO\u001b[0m","T":"2024-09-09 11:29:37.764","M":"成功同步 0 条新 Api 到数据库 ","count":0}
{"L":"\u001b[34mINFO\u001b[0m","T":"2024-09-09 11:30:33.363","M":"当前运行模式","env":"dev","is_debug":true}
{"L":"\u001b[34mINFO\u001b[0m","T":"2024-09-09 11:30:34.724","M":"成功同步 0 条新 Api 到数据库 ","count":0}
{"L":"\u001b[34mINFO\u001b[0m","T":"2024-09-09 11:37:27.397","M":"当前运行模式","env":"dev","is_debug":true}
{"L":"\u001b[34mINFO\u001b[0m","T":"2024-09-09 11:37:29.757","M":"成功同步 0 条新 Api 到数据库 ","count":0}
{"L":"\u001b[34mINFO\u001b[0m","T":"2024-09-09 11:41:20.894","M":"当前运行模式","env":"dev","is_debug":true}
{"L":"\u001b[34mINFO\u001b[0m","T":"2024-09-09 11:41:22.121","M":"成功同步 0 条新 Api 到数据库 ","count":0}
{"L":"\u001b[34mINFO\u001b[0m","T":"2024-09-09 11:43:52.238","M":"当前运行模式","env":"dev","is_debug":true}
{"L":"\u001b[34mINFO\u001b[0m","T":"2024-09-09 11:43:53.58","M":"成功同步 0 条新 Api 到数据库 ","count":0}
{"L":"\u001b[34mINFO\u001b[0m","T":"2024-09-09 11:59:28.014","M":"当前运行模式","env":"dev","is_debug":true}
{"L":"\u001b[34mINFO\u001b[0m","T":"2024-09-09 11:59:29.316","M":"成功同步 0 条新 Api 到数据库 ","count":0}
{"L":"\u001b[34mINFO\u001b[0m","T":"2024-09-09 12:00:39.627","M":"当前运行模式","env":"dev","is_debug":true}
{"L":"\u001b[34mINFO\u001b[0m","T":"2024-09-09 12:00:40.95","M":"成功同步 0 条新 Api 到数据库 ","count":0}
{"L":"\u001b[34mINFO\u001b[0m","T":"2024-09-09 14:03:40.708","M":"当前运行模式","env":"dev","is_debug":true}
{"L":"\u001b[34mINFO\u001b[0m","T":"2024-09-09 14:03:42.32","M":"成功同步 1 条新 Api 到数据库 ","count":1}
{"L":"\u001b[34mINFO\u001b[0m","T":"2024-09-09 14:16:59.815","M":"当前运行模式","env":"dev","is_debug":true}
{"L":"\u001b[34mINFO\u001b[0m","T":"2024-09-09 14:17:01.134","M":"成功同步 0 条新 Api 到数据库 ","count":0}
{"L":"\u001b[34mINFO\u001b[0m","T":"2024-09-09 14:18:39.074","M":"当前运行模式","env":"dev","is_debug":true}
{"L":"\u001b[34mINFO\u001b[0m","T":"2024-09-09 14:18:40.329","M":"成功同步 0 条新 Api 到数据库 ","count":0}
{"L":"\u001b[34mINFO\u001b[0m","T":"2024-09-09 14:19:22.266","M":"当前运行模式","env":"dev","is_debug":true}
{"L":"\u001b[34mINFO\u001b[0m","T":"2024-09-09 14:19:23.88","M":"成功同步 0 条新 Api 到数据库 ","count":0}
{"L":"\u001b[34mINFO\u001b[0m","T":"2024-09-09 14:21:09.137","M":"当前运行模式","env":"dev","is_debug":true}
{"L":"\u001b[34mINFO\u001b[0m","T":"2024-09-09 14:21:10.485","M":"成功同步 0 条新 Api 到数据库 ","count":0}
{"L":"\u001b[34mINFO\u001b[0m","T":"2024-09-09 14:22:09.969","M":"当前运行模式","env":"dev","is_debug":true}
{"L":"\u001b[34mINFO\u001b[0m","T":"2024-09-09 14:22:11.356","M":"成功同步 0 条新 Api 到数据库 ","count":0}
{"L":"\u001b[34mINFO\u001b[0m","T":"2024-09-09 14:24:09.31","M":"当前运行模式","env":"dev","is_debug":true}
{"L":"\u001b[34mINFO\u001b[0m","T":"2024-09-09 14:24:10.43","M":"成功同步 1 条新 Api 到数据库 ","count":1}
{"L":"\u001b[34mINFO\u001b[0m","T":"2024-09-09 14:26:56.232","M":"当前运行模式","env":"dev","is_debug":true}
{"L":"\u001b[34mINFO\u001b[0m","T":"2024-09-09 14:26:57.519","M":"成功同步 0 条新 Api 到数据库 ","count":0}
{"L":"\u001b[34mINFO\u001b[0m","T":"2024-09-09 14:33:51.152","M":"当前运行模式","env":"dev","is_debug":true}
{"L":"\u001b[34mINFO\u001b[0m","T":"2024-09-09 14:33:52.292","M":"成功同步 0 条新 Api 到数据库 ","count":0}
{"L":"\u001b[34mINFO\u001b[0m","T":"2024-09-09 14:34:36.543","M":"当前运行模式","env":"dev","is_debug":true}
{"L":"\u001b[34mINFO\u001b[0m","T":"2024-09-09 14:34:37.659","M":"成功同步 1 条新 Api 到数据库 ","count":1}
{"L":"\u001b[34mINFO\u001b[0m","T":"2024-09-09 14:40:47.789","M":"当前运行模式","env":"dev","is_debug":true}
{"L":"\u001b[34mINFO\u001b[0m","T":"2024-09-09 14:40:48.958","M":"成功同步 0 条新 Api 到数据库 ","count":0}
{"L":"\u001b[34mINFO\u001b[0m","T":"2024-09-09 14:41:09.203","M":"当前运行模式","env":"dev","is_debug":true}
{"L":"\u001b[34mINFO\u001b[0m","T":"2024-09-09 14:41:10.386","M":"成功同步 1 条新 Api 到数据库 ","count":1}
{"L":"\u001b[34mINFO\u001b[0m","T":"2024-09-09 14:42:51.809","M":"当前运行模式","env":"dev","is_debug":true}
{"L":"\u001b[34mINFO\u001b[0m","T":"2024-09-09 14:42:54.874","M":"成功同步 0 条新 Api 到数据库 ","count":0}
{"L":"\u001b[34mINFO\u001b[0m","T":"2024-09-09 14:43:20.879","M":"当前运行模式","env":"dev","is_debug":true}
{"L":"\u001b[34mINFO\u001b[0m","T":"2024-09-09 14:43:24.138","M":"成功同步 0 条新 Api 到数据库 ","count":0}
{"L":"\u001b[34mINFO\u001b[0m","T":"2024-09-09 14:43:47.809","M":"当前运行模式","env":"dev","is_debug":true}
{"L":"\u001b[34mINFO\u001b[0m","T":"2024-09-09 14:43:51.044","M":"成功同步 0 条新 Api 到数据库 ","count":0}
{"L":"\u001b[34mINFO\u001b[0m","T":"2024-09-09 14:46:22.226","M":"当前运行模式","env":"dev","is_debug":true}
{"L":"\u001b[34mINFO\u001b[0m","T":"2024-09-09 14:46:25.764","M":"成功同步 1 条新 Api 到数据库 ","count":1}
{"L":"\u001b[34mINFO\u001b[0m","T":"2024-09-09 14:47:32.579","M":"当前运行模式","env":"dev","is_debug":true}
{"L":"\u001b[34mINFO\u001b[0m","T":"2024-09-09 14:47:35.65","M":"成功同步 0 条新 Api 到数据库 ","count":0}
{"L":"\u001b[34mINFO\u001b[0m","T":"2024-09-09 14:47:56.441","M":"当前运行模式","env":"dev","is_debug":true}
{"L":"\u001b[34mINFO\u001b[0m","T":"2024-09-09 14:47:59.781","M":"成功同步 0 条新 Api 到数据库 ","count":0}
{"L":"\u001b[34mINFO\u001b[0m","T":"2024-09-09 14:57:10.788","M":"当前运行模式","env":"dev","is_debug":true}
{"L":"\u001b[34mINFO\u001b[0m","T":"2024-09-09 14:57:14.95","M":"成功同步 1 条新 Api 到数据库 ","count":1}
{"L":"\u001b[34mINFO\u001b[0m","T":"2024-09-09 15:09:18.785","M":"当前运行模式","env":"dev","is_debug":true}
{"L":"\u001b[34mINFO\u001b[0m","T":"2024-09-09 15:09:22.749","M":"成功同步 0 条新 Api 到数据库 ","count":0}
{"L":"\u001b[34mINFO\u001b[0m","T":"2024-09-09 15:10:40.375","M":"当前运行模式","env":"dev","is_debug":true}
{"L":"\u001b[34mINFO\u001b[0m","T":"2024-09-09 15:10:44.577","M":"成功同步 0 条新 Api 到数据库 ","count":0}
{"L":"\u001b[34mINFO\u001b[0m","T":"2024-09-09 15:18:13.312","M":"当前运行模式","env":"dev","is_debug":true}
{"L":"\u001b[34mINFO\u001b[0m","T":"2024-09-09 15:18:17.619","M":"成功同步 0 条新 Api 到数据库 ","count":0}
{"L":"\u001b[34mINFO\u001b[0m","T":"2024-09-09 15:18:55.94","M":"当前运行模式","env":"dev","is_debug":true}
{"L":"\u001b[34mINFO\u001b[0m","T":"2024-09-09 15:19:00.417","M":"成功同步 0 条新 Api 到数据库 ","count":0}
{"L":"\u001b[34mINFO\u001b[0m","T":"2024-09-09 15:20:26.628","M":"当前运行模式","env":"dev","is_debug":true}
{"L":"\u001b[34mINFO\u001b[0m","T":"2024-09-09 15:20:30.796","M":"成功同步 0 条新 Api 到数据库 ","count":0}
{"L":"\u001b[34mINFO\u001b[0m","T":"2024-09-09 15:22:03.914","M":"当前运行模式","env":"dev","is_debug":true}
{"L":"\u001b[34mINFO\u001b[0m","T":"2024-09-09 15:22:07.875","M":"成功同步 0 条新 Api 到数据库 ","count":0}
{"L":"\u001b[34mINFO\u001b[0m","T":"2024-09-09 15:22:39.624","M":"当前运行模式","env":"dev","is_debug":true}
{"L":"\u001b[34mINFO\u001b[0m","T":"2024-09-09 15:22:43.558","M":"成功同步 0 条新 Api 到数据库 ","count":0}
{"L":"\u001b[34mINFO\u001b[0m","T":"2024-09-09 15:23:26.016","M":"当前运行模式","env":"dev","is_debug":true}
{"L":"\u001b[34mINFO\u001b[0m","T":"2024-09-09 15:23:30.379","M":"成功同步 0 条新 Api 到数据库 ","count":0}
{"L":"\u001b[34mINFO\u001b[0m","T":"2024-09-09 15:27:46.232","M":"当前运行模式","env":"dev","is_debug":true}
{"L":"\u001b[34mINFO\u001b[0m","T":"2024-09-09 15:27:50.354","M":"成功同步 0 条新 Api 到数据库 ","count":0}
{"L":"\u001b[34mINFO\u001b[0m","T":"2024-09-09 15:28:50.003","M":"当前运行模式","env":"dev","is_debug":true}
{"L":"\u001b[34mINFO\u001b[0m","T":"2024-09-09 15:28:53.946","M":"成功同步 0 条新 Api 到数据库 ","count":0}
{"L":"\u001b[34mINFO\u001b[0m","T":"2024-09-09 15:29:39.818","M":"当前运行模式","env":"dev","is_debug":true}
{"L":"\u001b[34mINFO\u001b[0m","T":"2024-09-09 15:29:43.951","M":"成功同步 0 条新 Api 到数据库 ","count":0}
{"L":"\u001b[34mINFO\u001b[0m","T":"2024-09-09 15:31:10.226","M":"当前运行模式","env":"dev","is_debug":true}
{"L":"\u001b[34mINFO\u001b[0m","T":"2024-09-09 15:31:14.134","M":"成功同步 0 条新 Api 到数据库 ","count":0}
{"L":"\u001b[34mINFO\u001b[0m","T":"2024-09-09 15:32:19.338","M":"当前运行模式","env":"dev","is_debug":true}
{"L":"\u001b[34mINFO\u001b[0m","T":"2024-09-09 15:32:23.331","M":"成功同步 0 条新 Api 到数据库 ","count":0}
{"L":"\u001b[34mINFO\u001b[0m","T":"2024-09-09 15:35:16.15","M":"当前运行模式","env":"dev","is_debug":true}
{"L":"\u001b[34mINFO\u001b[0m","T":"2024-09-09 15:35:20.115","M":"成功同步 0 条新 Api 到数据库 ","count":0}
{"L":"\u001b[34mINFO\u001b[0m","T":"2024-09-09 15:36:56.116","M":"当前运行模式","env":"dev","is_debug":true}
{"L":"\u001b[34mINFO\u001b[0m","T":"2024-09-09 15:37:00.168","M":"成功同步 0 条新 Api 到数据库 ","count":0}
{"L":"\u001b[34mINFO\u001b[0m","T":"2024-09-09 16:14:14.361","M":"当前运行模式","env":"dev","is_debug":true}
{"L":"\u001b[34mINFO\u001b[0m","T":"2024-09-09 16:14:18.656","M":"成功同步 0 条新 Api 到数据库 ","count":0}
{"L":"\u001b[34mINFO\u001b[0m","T":"2024-09-09 16:15:28.97","M":"当前运行模式","env":"dev","is_debug":true}
{"L":"\u001b[34mINFO\u001b[0m","T":"2024-09-09 16:15:32.937","M":"成功同步 0 条新 Api 到数据库 ","count":0}
{"L":"\u001b[34mINFO\u001b[0m","T":"2024-09-09 16:56:25.666","M":"当前运行模式","env":"dev","is_debug":true}
{"L":"\u001b[34mINFO\u001b[0m","T":"2024-09-09 16:56:29.606","M":"成功同步 0 条新 Api 到数据库 ","count":0}
{"L":"\u001b[34mINFO\u001b[0m","T":"2024-09-09 16:56:46.654","M":"当前运行模式","env":"dev","is_debug":true}
{"L":"\u001b[34mINFO\u001b[0m","T":"2024-09-09 16:56:52.276","M":"成功同步 0 条新 Api 到数据库 ","count":0}
{"L":"\u001b[34mINFO\u001b[0m","T":"2024-09-09 17:18:57.011","M":"当前运行模式","env":"dev","is_debug":true}
{"L":"\u001b[34mINFO\u001b[0m","T":"2024-09-09 17:19:02.249","M":"成功同步 0 条新 Api 到数据库 ","count":0}
{"L":"\u001b[34mINFO\u001b[0m","T":"2024-09-09 17:20:10.237","M":"当前运行模式","env":"dev","is_debug":true}
{"L":"\u001b[34mINFO\u001b[0m","T":"2024-09-09 17:20:15.544","M":"成功同步 0 条新 Api 到数据库 ","count":0}
{"L":"\u001b[34mINFO\u001b[0m","T":"2024-09-09 17:21:15.942","M":"当前运行模式","env":"dev","is_debug":true}
{"L":"\u001b[34mINFO\u001b[0m","T":"2024-09-09 17:21:20.195","M":"成功同步 0 条新 Api 到数据库 ","count":0}
{"L":"\u001b[34mINFO\u001b[0m","T":"2024-09-09 17:28:14.893","M":"当前运行模式","env":"dev","is_debug":true}
{"L":"\u001b[34mINFO\u001b[0m","T":"2024-09-09 17:28:50.366","M":"当前运行模式","env":"dev","is_debug":true}
{"L":"\u001b[34mINFO\u001b[0m","T":"2024-09-09 17:28:54.172","M":"成功同步 0 条新 Api 到数据库 ","count":0}
{"L":"\u001b[34mINFO\u001b[0m","T":"2024-09-09 17:29:49.413","M":"当前运行模式","env":"dev","is_debug":true}
{"L":"\u001b[34mINFO\u001b[0m","T":"2024-09-09 17:29:53.681","M":"成功同步 0 条新 Api 到数据库 ","count":0}
{"L":"\u001b[34mINFO\u001b[0m","T":"2024-09-09 17:29:59.874","M":"当前运行模式","env":"dev","is_debug":true}
{"L":"\u001b[34mINFO\u001b[0m","T":"2024-09-09 17:30:04.017","M":"成功同步 0 条新 Api 到数据库 ","count":0}
{"L":"\u001b[34mINFO\u001b[0m","T":"2024-09-09 17:35:28.041","M":"当前运行模式","env":"dev","is_debug":true}
{"L":"\u001b[34mINFO\u001b[0m","T":"2024-09-09 17:35:31.837","M":"成功同步 0 条新 Api 到数据库 ","count":0}
{"L":"\u001b[34mINFO\u001b[0m","T":"2024-09-09 17:37:46.711","M":"当前运行模式","env":"dev","is_debug":true}
{"L":"\u001b[34mINFO\u001b[0m","T":"2024-09-09 17:37:51.111","M":"成功同步 0 条新 Api 到数据库 ","count":0}
{"L":"\u001b[34mINFO\u001b[0m","T":"2024-09-09 22:07:37.388","M":"当前运行模式","env":"dev","is_debug":true}
{"L":"\u001b[34mINFO\u001b[0m","T":"2024-09-09 22:07:41.852","M":"成功同步 0 条新 Api 到数据库 ","count":0}
{"L":"\u001b[34mINFO\u001b[0m","T":"2024-09-09 22:21:40.062","M":"当前运行模式","env":"dev","is_debug":true}
{"L":"\u001b[34mINFO\u001b[0m","T":"2024-09-09 22:21:44.353","M":"成功同步 0 条新 Api 到数据库 ","count":0}
{"L":"\u001b[34mINFO\u001b[0m","T":"2024-09-09 23:19:55.451","M":"当前运行模式","env":"dev","is_debug":true}
{"L":"\u001b[34mINFO\u001b[0m","T":"2024-09-09 23:19:59.78","M":"成功同步 0 条新 Api 到数据库 ","count":0}
{"L":"\u001b[34mINFO\u001b[0m","T":"2024-09-10 16:09:37.31","M":"当前运行模式","env":"dev","is_debug":true}
{"L":"\u001b[34mINFO\u001b[0m","T":"2024-09-10 16:09:41.675","M":"成功同步 0 条新 Api 到数据库 ","count":0}
{"L":"\u001b[34mINFO\u001b[0m","T":"2024-09-10 16:38:30.885","M":"当前运行模式","env":"dev","is_debug":true}
{"L":"\u001b[34mINFO\u001b[0m","T":"2024-09-10 16:38:35.826","M":"成功同步 2 条新 Api 到数据库 ","count":2}
{"L":"\u001b[34mINFO\u001b[0m","T":"2024-09-10 16:59:42.049","M":"当前运行模式","env":"dev","is_debug":true}
{"L":"\u001b[34mINFO\u001b[0m","T":"2024-09-10 16:59:46.617","M":"成功同步 0 条新 Api 到数据库 ","count":0}
{"L":"\u001b[34mINFO\u001b[0m","T":"2024-09-10 17:01:45.568","M":"当前运行模式","env":"dev","is_debug":true}
{"L":"\u001b[34mINFO\u001b[0m","T":"2024-09-10 17:01:50.26","M":"成功同步 0 条新 Api 到数据库 ","count":0}
{"L":"\u001b[34mINFO\u001b[0m","T":"2024-09-10 17:06:13.236","M":"当前运行模式","env":"dev","is_debug":true}
{"L":"\u001b[34mINFO\u001b[0m","T":"2024-09-10 17:06:17.803","M":"成功同步 0 条新 Api 到数据库 ","count":0}
{"L":"\u001b[34mINFO\u001b[0m","T":"2024-09-10 17:18:51.118","M":"当前运行模式","env":"dev","is_debug":true}
{"L":"\u001b[34mINFO\u001b[0m","T":"2024-09-10 17:19:56.355","M":"当前运行模式","env":"dev","is_debug":true}
{"L":"\u001b[34mINFO\u001b[0m","T":"2024-09-10 17:20:00.914","M":"成功同步 0 条新 Api 到数据库 ","count":0}
{"L":"\u001b[34mINFO\u001b[0m","T":"2024-09-10 17:23:46.306","M":"当前运行模式","env":"dev","is_debug":true}
{"L":"\u001b[34mINFO\u001b[0m","T":"2024-09-10 17:23:51.105","M":"成功同步 0 条新 Api 到数据库 ","count":0}
{"L":"\u001b[34mINFO\u001b[0m","T":"2024-09-10 17:24:39.839","M":"当前运行模式","env":"dev","is_debug":true}
{"L":"\u001b[34mINFO\u001b[0m","T":"2024-09-10 17:24:44.44","M":"成功同步 0 条新 Api 到数据库 ","count":0}
{"L":"\u001b[34mINFO\u001b[0m","T":"2024-09-10 21:46:41.766","M":"当前运行模式","env":"dev","is_debug":true}
{"L":"\u001b[34mINFO\u001b[0m","T":"2024-09-10 21:46:46.883","M":"成功同步 1 条新 Api 到数据库 ","count":1}
{"L":"\u001b[34mINFO\u001b[0m","T":"2024-09-11 22:11:21.586","M":"当前运行模式","env":"dev","is_debug":true}
{"L":"\u001b[34mINFO\u001b[0m","T":"2024-09-11 22:11:26.294","M":"成功同步 0 条新 Api 到数据库 ","count":0}
{"L":"\u001b[34mINFO\u001b[0m","T":"2024-09-11 22:27:37.081","M":"当前运行模式","env":"dev","is_debug":true}
{"L":"\u001b[34mINFO\u001b[0m","T":"2024-09-11 22:27:41.696","M":"成功同步 0 条新 Api 到数据库 ","count":0}
{"L":"\u001b[34mINFO\u001b[0m","T":"2024-09-11 22:34:24.31","M":"当前运行模式","env":"dev","is_debug":true}
{"L":"\u001b[34mINFO\u001b[0m","T":"2024-09-11 22:34:28.86","M":"成功同步 0 条新 Api 到数据库 ","count":0}
{"L":"\u001b[34mINFO\u001b[0m","T":"2024-09-11 22:45:34.648","M":"当前运行模式","env":"dev","is_debug":true}
{"L":"\u001b[34mINFO\u001b[0m","T":"2024-09-11 22:45:39.412","M":"成功同步 0 条新 Api 到数据库 ","count":0}
{"L":"\u001b[34mINFO\u001b[0m","T":"2024-09-11 23:19:22.047","M":"当前运行模式","env":"dev","is_debug":true}
{"L":"\u001b[34mINFO\u001b[0m","T":"2024-09-11 23:19:27.045","M":"成功同步 1 条新 Api 到数据库 ","count":1}
{"L":"\u001b[34mINFO\u001b[0m","T":"2024-09-11 23:21:06.798","M":"当前运行模式","env":"dev","is_debug":true}
{"L":"\u001b[34mINFO\u001b[0m","T":"2024-09-11 23:21:11.854","M":"成功同步 2 条新 Api 到数据库 ","count":2}
{"L":"\u001b[34mINFO\u001b[0m","T":"2024-09-11 23:24:33.37","M":"当前运行模式","env":"dev","is_debug":true}
{"L":"\u001b[34mINFO\u001b[0m","T":"2024-09-11 23:24:38.303","M":"成功同步 0 条新 Api 到数据库 ","count":0}
{"L":"\u001b[34mINFO\u001b[0m","T":"2024-09-12 20:37:01.789","M":"当前运行模式","env":"dev","is_debug":true}
{"L":"\u001b[34mINFO\u001b[0m","T":"2024-09-12 20:37:06.56","M":"成功同步 0 条新 Api 到数据库 ","count":0}
{"L":"\u001b[34mINFO\u001b[0m","T":"2024-09-12 20:57:44.746","M":"当前运行模式","env":"dev","is_debug":true}
{"L":"\u001b[34mINFO\u001b[0m","T":"2024-09-12 20:57:49.969","M":"成功同步 1 条新 Api 到数据库 ","count":1}
{"L":"\u001b[34mINFO\u001b[0m","T":"2024-09-12 21:12:45.976","M":"当前运行模式","env":"dev","is_debug":true}
{"L":"\u001b[34mINFO\u001b[0m","T":"2024-09-12 21:12:51.27","M":"成功同步 1 条新 Api 到数据库 ","count":1}
{"L":"\u001b[34mINFO\u001b[0m","T":"2024-09-12 21:15:09.814","M":"当前运行模式","env":"dev","is_debug":true}
{"L":"\u001b[34mINFO\u001b[0m","T":"2024-09-12 21:15:14.826","M":"成功同步 0 条新 Api 到数据库 ","count":0}
{"L":"\u001b[34mINFO\u001b[0m","T":"2024-09-12 21:15:33.741","M":"当前运行模式","env":"dev","is_debug":true}
{"L":"\u001b[34mINFO\u001b[0m","T":"2024-09-12 21:15:38.826","M":"成功同步 0 条新 Api 到数据库 ","count":0}
{"L":"\u001b[34mINFO\u001b[0m","T":"2024-09-12 21:26:46.346","M":"当前运行模式","env":"dev","is_debug":true}
{"L":"\u001b[34mINFO\u001b[0m","T":"2024-09-12 21:26:51.401","M":"成功同步 0 条新 Api 到数据库 ","count":0}
{"L":"\u001b[34mINFO\u001b[0m","T":"2024-09-12 21:30:18.814","M":"当前运行模式","env":"dev","is_debug":true}
{"L":"\u001b[34mINFO\u001b[0m","T":"2024-09-12 21:30:23.9","M":"成功同步 0 条新 Api 到数据库 ","count":0}
{"L":"\u001b[34mINFO\u001b[0m","T":"2024-09-12 21:32:44.926","M":"当前运行模式","env":"dev","is_debug":true}
{"L":"\u001b[34mINFO\u001b[0m","T":"2024-09-12 21:32:49.915","M":"成功同步 0 条新 Api 到数据库 ","count":0}
{"L":"\u001b[34mINFO\u001b[0m","T":"2024-09-12 21:35:01.283","M":"当前运行模式","env":"dev","is_debug":true}
{"L":"\u001b[34mINFO\u001b[0m","T":"2024-09-12 21:35:06.383","M":"成功同步 0 条新 Api 到数据库 ","count":0}
{"L":"\u001b[34mINFO\u001b[0m","T":"2024-09-12 21:37:03.286","M":"当前运行模式","env":"dev","is_debug":true}
{"L":"\u001b[34mINFO\u001b[0m","T":"2024-09-12 21:37:08.281","M":"成功同步 0 条新 Api 到数据库 ","count":0}
{"L":"\u001b[34mINFO\u001b[0m","T":"2024-09-13 20:57:43.432","M":"当前运行模式","env":"dev","is_debug":true}
{"L":"\u001b[34mINFO\u001b[0m","T":"2024-09-13 20:57:48.675","M":"成功同步 0 条新 Api 到数据库 ","count":0}
{"L":"\u001b[34mINFO\u001b[0m","T":"2024-09-13 21:12:14.311","M":"当前运行模式","env":"dev","is_debug":true}
{"L":"\u001b[34mINFO\u001b[0m","T":"2024-09-13 21:12:19.569","M":"成功同步 0 条新 Api 到数据库 ","count":0}
{"L":"\u001b[34mINFO\u001b[0m","T":"2024-09-13 21:13:36.557","M":"当前运行模式","env":"dev","is_debug":true}
{"L":"\u001b[34mINFO\u001b[0m","T":"2024-09-13 21:13:41.827","M":"成功同步 0 条新 Api 到数据库 ","count":0}
{"L":"\u001b[34mINFO\u001b[0m","T":"2024-09-13 21:14:09.074","M":"当前运行模式","env":"dev","is_debug":true}
{"L":"\u001b[34mINFO\u001b[0m","T":"2024-09-13 21:14:14.671","M":"成功同步 0 条新 Api 到数据库 ","count":0}
{"L":"\u001b[34mINFO\u001b[0m","T":"2024-09-13 21:18:50.609","M":"当前运行模式","env":"dev","is_debug":true}
{"L":"\u001b[34mINFO\u001b[0m","T":"2024-09-13 21:18:55.838","M":"成功同步 0 条新 Api 到数据库 ","count":0}
{"L":"\u001b[34mINFO\u001b[0m","T":"2024-09-13 21:20:23.865","M":"当前运行模式","env":"dev","is_debug":true}
{"L":"\u001b[34mINFO\u001b[0m","T":"2024-09-13 21:20:29.168","M":"成功同步 0 条新 Api 到数据库 ","count":0}
{"L":"\u001b[34mINFO\u001b[0m","T":"2024-09-13 21:21:41.212","M":"当前运行模式","env":"dev","is_debug":true}
{"L":"\u001b[34mINFO\u001b[0m","T":"2024-09-13 21:21:46.525","M":"成功同步 0 条新 Api 到数据库 ","count":0}
{"L":"\u001b[34mINFO\u001b[0m","T":"2024-09-13 21:21:57.991","M":"当前运行模式","env":"dev","is_debug":true}
{"L":"\u001b[34mINFO\u001b[0m","T":"2024-09-13 21:22:03.778","M":"成功同步 0 条新 Api 到数据库 ","count":0}
{"L":"\u001b[34mINFO\u001b[0m","T":"2024-09-13 21:23:41.602","M":"当前运行模式","env":"dev","is_debug":true}
{"L":"\u001b[34mINFO\u001b[0m","T":"2024-09-13 21:23:46.858","M":"成功同步 0 条新 Api 到数据库 ","count":0}
{"L":"\u001b[34mINFO\u001b[0m","T":"2024-09-13 21:27:40.763","M":"当前运行模式","env":"dev","is_debug":true}
{"L":"\u001b[34mINFO\u001b[0m","T":"2024-09-13 21:27:46.071","M":"成功同步 0 条新 Api 到数据库 ","count":0}
{"L":"\u001b[34mINFO\u001b[0m","T":"2024-09-13 21:29:36.695","M":"当前运行模式","env":"dev","is_debug":true}
{"L":"\u001b[34mINFO\u001b[0m","T":"2024-09-13 21:29:42.076","M":"成功同步 0 条新 Api 到数据库 ","count":0}
{"L":"\u001b[34mINFO\u001b[0m","T":"2024-09-13 21:31:11.217","M":"当前运行模式","env":"dev","is_debug":true}
{"L":"\u001b[34mINFO\u001b[0m","T":"2024-09-13 21:31:16.624","M":"成功同步 0 条新 Api 到数据库 ","count":0}
{"L":"\u001b[34mINFO\u001b[0m","T":"2024-09-13 21:32:57.731","M":"当前运行模式","env":"dev","is_debug":true}
{"L":"\u001b[34mINFO\u001b[0m","T":"2024-09-13 21:33:03.536","M":"成功同步 0 条新 Api 到数据库 ","count":0}
{"L":"\u001b[34mINFO\u001b[0m","T":"2024-09-13 21:37:27.694","M":"当前运行模式","env":"dev","is_debug":true}
{"L":"\u001b[34mINFO\u001b[0m","T":"2024-09-13 21:37:33.041","M":"成功同步 0 条新 Api 到数据库 ","count":0}
{"L":"\u001b[34mINFO\u001b[0m","T":"2024-09-13 21:41:02.271","M":"当前运行模式","env":"dev","is_debug":true}
{"L":"\u001b[34mINFO\u001b[0m","T":"2024-09-13 21:41:07.847","M":"成功同步 0 条新 Api 到数据库 ","count":0}
{"L":"\u001b[34mINFO\u001b[0m","T":"2024-09-13 21:43:25.304","M":"当前运行模式","env":"dev","is_debug":true}
{"L":"\u001b[34mINFO\u001b[0m","T":"2024-09-13 21:43:30.812","M":"成功同步 0 条新 Api 到数据库 ","count":0}
{"L":"\u001b[34mINFO\u001b[0m","T":"2024-09-13 21:43:59.919","M":"当前运行模式","env":"dev","is_debug":true}
{"L":"\u001b[34mINFO\u001b[0m","T":"2024-09-13 21:44:05.182","M":"成功同步 0 条新 Api 到数据库 ","count":0}
{"L":"\u001b[34mINFO\u001b[0m","T":"2024-09-13 21:45:31.165","M":"当前运行模式","env":"dev","is_debug":true}
{"L":"\u001b[34mINFO\u001b[0m","T":"2024-09-13 21:45:36.44","M":"成功同步 0 条新 Api 到数据库 ","count":0}
{"L":"\u001b[34mINFO\u001b[0m","T":"2024-09-13 21:47:06.657","M":"当前运行模式","env":"dev","is_debug":true}
{"L":"\u001b[34mINFO\u001b[0m","T":"2024-09-13 21:47:12.2","M":"成功同步 0 条新 Api 到数据库 ","count":0}
{"L":"\u001b[34mINFO\u001b[0m","T":"2024-09-13 21:48:40.774","M":"当前运行模式","env":"dev","is_debug":true}
{"L":"\u001b[34mINFO\u001b[0m","T":"2024-09-13 21:48:46.071","M":"成功同步 0 条新 Api 到数据库 ","count":0}
{"L":"\u001b[34mINFO\u001b[0m","T":"2024-09-13 21:49:17.678","M":"当前运行模式","env":"dev","is_debug":true}
{"L":"\u001b[34mINFO\u001b[0m","T":"2024-09-13 21:49:24.171","M":"成功同步 0 条新 Api 到数据库 ","count":0}
{"L":"\u001b[34mINFO\u001b[0m","T":"2024-09-13 21:50:40.33","M":"当前运行模式","env":"dev","is_debug":true}
{"L":"\u001b[34mINFO\u001b[0m","T":"2024-09-13 21:50:45.822","M":"成功同步 0 条新 Api 到数据库 ","count":0}
{"L":"\u001b[34mINFO\u001b[0m","T":"2024-09-13 22:28:05.673","M":"当前运行模式","env":"dev","is_debug":true}
{"L":"\u001b[34mINFO\u001b[0m","T":"2024-09-13 22:28:11.438","M":"成功同步 1 条新 Api 到数据库 ","count":1}
{"L":"\u001b[34mINFO\u001b[0m","T":"2024-09-13 22:29:23.113","M":"当前运行模式","env":"dev","is_debug":true}
{"L":"\u001b[34mINFO\u001b[0m","T":"2024-09-13 22:29:28.513","M":"成功同步 0 条新 Api 到数据库 ","count":0}
{"L":"\u001b[34mINFO\u001b[0m","T":"2024-09-13 23:24:01.714","M":"当前运行模式","env":"dev","is_debug":true}
{"L":"\u001b[34mINFO\u001b[0m","T":"2024-09-13 23:24:07.21","M":"成功同步 0 条新 Api 到数据库 ","count":0}
{"L":"\u001b[34mINFO\u001b[0m","T":"2024-09-13 23:30:46.176","M":"当前运行模式","env":"dev","is_debug":true}
{"L":"\u001b[34mINFO\u001b[0m","T":"2024-09-13 23:30:51.595","M":"成功同步 0 条新 Api 到数据库 ","count":0}
{"L":"\u001b[34mINFO\u001b[0m","T":"2024-09-14 00:00:00.043","M":"当前运行模式","env":"dev","is_debug":true}
{"L":"\u001b[34mINFO\u001b[0m","T":"2024-09-14 00:00:07.028","M":"成功同步 0 条新 Api 到数据库 ","count":0}
{"L":"\u001b[34mINFO\u001b[0m","T":"2024-09-14 00:03:34.65","M":"当前运行模式","env":"dev","is_debug":true}
{"L":"\u001b[34mINFO\u001b[0m","T":"2024-09-14 00:03:45.672","M":"成功同步 22 条新 Api 到数据库 ","count":22}
{"L":"\u001b[34mINFO\u001b[0m","T":"2024-09-14 00:04:14.573","M":"当前运行模式","env":"dev","is_debug":true}
{"L":"\u001b[34mINFO\u001b[0m","T":"2024-09-14 00:04:20.434","M":"成功同步 0 条新 Api 到数据库 ","count":0}
{"L":"\u001b[34mINFO\u001b[0m","T":"2024-09-14 00:05:06.489","M":"当前运行模式","env":"dev","is_debug":true}
{"L":"\u001b[34mINFO\u001b[0m","T":"2024-09-14 00:05:12.897","M":"成功同步 0 条新 Api 到数据库 ","count":0}
{"L":"\u001b[34mINFO\u001b[0m","T":"2024-09-14 00:43:13.423","M":"当前运行模式","env":"dev","is_debug":true}
{"L":"\u001b[34mINFO\u001b[0m","T":"2024-09-14 00:43:18.86","M":"成功同步 0 条新 Api 到数据库 ","count":0}
{"L":"\u001b[34mINFO\u001b[0m","T":"2024-09-14 00:46:17.969","M":"当前运行模式","env":"dev","is_debug":true}
{"L":"\u001b[34mINFO\u001b[0m","T":"2024-09-14 00:46:23.471","M":"成功同步 0 条新 Api 到数据库 ","count":0}
{"L":"\u001b[34mINFO\u001b[0m","T":"2024-09-14 00:52:11.011","M":"当前运行模式","env":"dev","is_debug":true}
{"L":"\u001b[34mINFO\u001b[0m","T":"2024-09-14 00:52:17.375","M":"成功同步 0 条新 Api 到数据库 ","count":0}
{"L":"\u001b[34mINFO\u001b[0m","T":"2024-09-14 01:03:29.051","M":"当前运行模式","env":"dev","is_debug":true}
{"L":"\u001b[34mINFO\u001b[0m","T":"2024-09-14 01:03:34.368","M":"成功同步 0 条新 Api 到数据库 ","count":0}
{"L":"\u001b[34mINFO\u001b[0m","T":"2024-09-14 01:03:51.5","M":"当前运行模式","env":"dev","is_debug":true}
{"L":"\u001b[34mINFO\u001b[0m","T":"2024-09-14 01:03:57.126","M":"成功同步 0 条新 Api 到数据库 ","count":0}
{"L":"\u001b[34mINFO\u001b[0m","T":"2024-09-14 19:37:42.223","M":"当前运行模式","env":"dev","is_debug":true}
{"L":"\u001b[34mINFO\u001b[0m","T":"2024-09-14 19:37:47.829","M":"成功同步 0 条新 Api 到数据库 ","count":0}
{"L":"\u001b[34mINFO\u001b[0m","T":"2024-09-14 20:07:31.027","M":"当前运行模式","env":"dev","is_debug":true}
{"L":"\u001b[34mINFO\u001b[0m","T":"2024-09-14 20:07:36.684","M":"成功同步 1 条新 Api 到数据库 ","count":1}
{"L":"\u001b[34mINFO\u001b[0m","T":"2024-09-14 20:08:22.356","M":"当前运行模式","env":"dev","is_debug":true}
{"L":"\u001b[34mINFO\u001b[0m","T":"2024-09-14 20:08:27.893","M":"成功同步 0 条新 Api 到数据库 ","count":0}
{"L":"\u001b[34mINFO\u001b[0m","T":"2024-09-14 20:10:08.847","M":"当前运行模式","env":"dev","is_debug":true}
{"L":"\u001b[34mINFO\u001b[0m","T":"2024-09-14 20:10:14.28","M":"成功同步 0 条新 Api 到数据库 ","count":0}
{"L":"\u001b[34mINFO\u001b[0m","T":"2024-09-14 20:15:35.309","M":"当前运行模式","env":"dev","is_debug":true}
{"L":"\u001b[34mINFO\u001b[0m","T":"2024-09-14 20:15:40.865","M":"成功同步 0 条新 Api 到数据库 ","count":0}
{"L":"\u001b[34mINFO\u001b[0m","T":"2024-09-14 20:21:51.3","M":"当前运行模式","env":"dev","is_debug":true}
{"L":"\u001b[34mINFO\u001b[0m","T":"2024-09-14 20:21:56.854","M":"成功同步 0 条新 Api 到数据库 ","count":0}
{"L":"\u001b[34mINFO\u001b[0m","T":"2024-09-14 20:27:50.378","M":"当前运行模式","env":"dev","is_debug":true}
{"L":"\u001b[34mINFO\u001b[0m","T":"2024-09-14 20:27:55.806","M":"成功同步 0 条新 Api 到数据库 ","count":0}
{"L":"\u001b[34mINFO\u001b[0m","T":"2024-09-14 20:32:42.949","M":"当前运行模式","env":"dev","is_debug":true}
{"L":"\u001b[34mINFO\u001b[0m","T":"2024-09-14 20:32:48.52","M":"成功同步 0 条新 Api 到数据库 ","count":0}
{"L":"\u001b[34mINFO\u001b[0m","T":"2024-09-14 20:33:45.838","M":"当前运行模式","env":"dev","is_debug":true}
{"L":"\u001b[34mINFO\u001b[0m","T":"2024-09-14 20:33:51.288","M":"成功同步 0 条新 Api 到数据库 ","count":0}
{"L":"\u001b[34mINFO\u001b[0m","T":"2024-09-14 20:40:16.553","M":"当前运行模式","env":"dev","is_debug":true}
{"L":"\u001b[34mINFO\u001b[0m","T":"2024-09-14 20:40:21.985","M":"成功同步 0 条新 Api 到数据库 ","count":0}
{"L":"\u001b[34mINFO\u001b[0m","T":"2024-09-14 20:40:41.006","M":"当前运行模式","env":"dev","is_debug":true}
{"L":"\u001b[34mINFO\u001b[0m","T":"2024-09-14 20:40:46.416","M":"成功同步 0 条新 Api 到数据库 ","count":0}
{"L":"\u001b[34mINFO\u001b[0m","T":"2024-09-14 20:41:33.876","M":"当前运行模式","env":"dev","is_debug":true}
{"L":"\u001b[34mINFO\u001b[0m","T":"2024-09-14 20:41:39.224","M":"成功同步 0 条新 Api 到数据库 ","count":0}
{"L":"\u001b[34mINFO\u001b[0m","T":"2024-09-14 20:42:07.245","M":"当前运行模式","env":"dev","is_debug":true}
{"L":"\u001b[34mINFO\u001b[0m","T":"2024-09-14 20:42:12.662","M":"成功同步 0 条新 Api 到数据库 ","count":0}
{"L":"\u001b[34mINFO\u001b[0m","T":"2024-09-14 20:43:06.11","M":"当前运行模式","env":"dev","is_debug":true}
{"L":"\u001b[34mINFO\u001b[0m","T":"2024-09-14 20:43:11.445","M":"成功同步 0 条新 Api 到数据库 ","count":0}
{"L":"\u001b[34mINFO\u001b[0m","T":"2024-09-14 20:44:09.22","M":"当前运行模式","env":"dev","is_debug":true}
{"L":"\u001b[34mINFO\u001b[0m","T":"2024-09-14 20:44:14.821","M":"成功同步 0 条新 Api 到数据库 ","count":0}
{"L":"\u001b[34mINFO\u001b[0m","T":"2024-09-14 20:45:20.147","M":"当前运行模式","env":"dev","is_debug":true}
{"L":"\u001b[34mINFO\u001b[0m","T":"2024-09-14 20:45:25.466","M":"成功同步 0 条新 Api 到数据库 ","count":0}
{"L":"\u001b[34mINFO\u001b[0m","T":"2024-09-14 20:46:22.252","M":"当前运行模式","env":"dev","is_debug":true}
{"L":"\u001b[34mINFO\u001b[0m","T":"2024-09-14 20:46:27.797","M":"成功同步 0 条新 Api 到数据库 ","count":0}
{"L":"\u001b[34mINFO\u001b[0m","T":"2024-09-14 20:47:03.74","M":"当前运行模式","env":"dev","is_debug":true}
{"L":"\u001b[34mINFO\u001b[0m","T":"2024-09-14 20:47:09.327","M":"成功同步 0 条新 Api 到数据库 ","count":0}
{"L":"\u001b[34mINFO\u001b[0m","T":"2024-09-14 20:51:05.789","M":"当前运行模式","env":"dev","is_debug":true}
{"L":"\u001b[34mINFO\u001b[0m","T":"2024-09-14 20:51:11.165","M":"成功同步 0 条新 Api 到数据库 ","count":0}
{"L":"\u001b[34mINFO\u001b[0m","T":"2024-09-14 20:52:07.198","M":"当前运行模式","env":"dev","is_debug":true}
{"L":"\u001b[34mINFO\u001b[0m","T":"2024-09-14 20:52:12.812","M":"成功同步 0 条新 Api 到数据库 ","count":0}
{"L":"\u001b[34mINFO\u001b[0m","T":"2024-09-14 20:54:15.296","M":"当前运行模式","env":"dev","is_debug":true}
{"L":"\u001b[34mINFO\u001b[0m","T":"2024-09-14 20:54:20.706","M":"成功同步 0 条新 Api 到数据库 ","count":0}
{"L":"\u001b[34mINFO\u001b[0m","T":"2024-09-14 20:54:28.904","M":"当前运行模式","env":"dev","is_debug":true}
{"L":"\u001b[34mINFO\u001b[0m","T":"2024-09-14 20:54:34.397","M":"成功同步 0 条新 Api 到数据库 ","count":0}
{"L":"\u001b[34mINFO\u001b[0m","T":"2024-09-14 20:55:53.117","M":"当前运行模式","env":"dev","is_debug":true}
{"L":"\u001b[34mINFO\u001b[0m","T":"2024-09-14 20:55:58.435","M":"成功同步 0 条新 Api 到数据库 ","count":0}
{"L":"\u001b[34mINFO\u001b[0m","T":"2024-09-14 20:57:32.864","M":"当前运行模式","env":"dev","is_debug":true}
{"L":"\u001b[34mINFO\u001b[0m","T":"2024-09-14 20:57:38.795","M":"成功同步 0 条新 Api 到数据库 ","count":0}
{"L":"\u001b[34mINFO\u001b[0m","T":"2024-09-14 21:00:37.419","M":"当前运行模式","env":"dev","is_debug":true}
{"L":"\u001b[34mINFO\u001b[0m","T":"2024-09-14 21:00:43.002","M":"成功同步 0 条新 Api 到数据库 ","count":0}
{"L":"\u001b[34mINFO\u001b[0m","T":"2024-09-14 21:04:46.191","M":"当前运行模式","env":"dev","is_debug":true}
{"L":"\u001b[34mINFO\u001b[0m","T":"2024-09-14 21:04:51.554","M":"成功同步 0 条新 Api 到数据库 ","count":0}
{"L":"\u001b[34mINFO\u001b[0m","T":"2024-09-15 19:57:08.474","M":"当前运行模式","env":"dev","is_debug":true}
{"L":"\u001b[34mINFO\u001b[0m","T":"2024-09-15 19:57:15.459","M":"成功同步 0 条新 Api 到数据库 ","count":0}
{"L":"\u001b[34mINFO\u001b[0m","T":"2024-09-15 20:04:57.358","M":"当前运行模式","env":"dev","is_debug":true}
{"L":"\u001b[34mINFO\u001b[0m","T":"2024-09-15 20:05:28.217","M":"当前运行模式","env":"dev","is_debug":true}
{"L":"\u001b[34mINFO\u001b[0m","T":"2024-09-15 20:05:35.18","M":"成功同步 0 条新 Api 到数据库 ","count":0}
{"L":"\u001b[34mINFO\u001b[0m","T":"2024-09-15 20:12:51.236","M":"当前运行模式","env":"dev","is_debug":true}
{"L":"\u001b[34mINFO\u001b[0m","T":"2024-09-15 20:12:58.201","M":"成功同步 0 条新 Api 到数据库 ","count":0}
{"L":"\u001b[34mINFO\u001b[0m","T":"2024-09-15 20:15:07.945","M":"当前运行模式","env":"dev","is_debug":true}
{"L":"\u001b[34mINFO\u001b[0m","T":"2024-09-15 20:15:15.563","M":"成功同步 0 条新 Api 到数据库 ","count":0}
{"L":"\u001b[34mINFO\u001b[0m","T":"2024-09-15 20:18:33.735","M":"当前运行模式","env":"dev","is_debug":true}
{"L":"\u001b[34mINFO\u001b[0m","T":"2024-09-15 20:18:40.643","M":"成功同步 0 条新 Api 到数据库 ","count":0}
{"L":"\u001b[34mINFO\u001b[0m","T":"2024-09-15 20:19:47.649","M":"当前运行模式","env":"dev","is_debug":true}
{"L":"\u001b[34mINFO\u001b[0m","T":"2024-09-15 20:19:54.26","M":"成功同步 0 条新 Api 到数据库 ","count":0}
{"L":"\u001b[34mINFO\u001b[0m","T":"2024-09-15 20:21:56.347","M":"当前运行模式","env":"dev","is_debug":true}
{"L":"\u001b[34mINFO\u001b[0m","T":"2024-09-15 20:22:03.886","M":"成功同步 0 条新 Api 到数据库 ","count":0}
{"L":"\u001b[34mINFO\u001b[0m","T":"2024-09-15 20:24:20.483","M":"当前运行模式","env":"dev","is_debug":true}
{"L":"\u001b[34mINFO\u001b[0m","T":"2024-09-15 20:24:27.259","M":"成功同步 0 条新 Api 到数据库 ","count":0}
{"L":"\u001b[34mINFO\u001b[0m","T":"2024-09-15 20:26:15.273","M":"当前运行模式","env":"dev","is_debug":true}
{"L":"\u001b[34mINFO\u001b[0m","T":"2024-09-15 20:26:22.651","M":"成功同步 0 条新 Api 到数据库 ","count":0}
{"L":"\u001b[34mINFO\u001b[0m","T":"2024-09-15 20:30:59.562","M":"当前运行模式","env":"dev","is_debug":true}
{"L":"\u001b[34mINFO\u001b[0m","T":"2024-09-15 20:31:06.125","M":"成功同步 0 条新 Api 到数据库 ","count":0}
{"L":"\u001b[34mINFO\u001b[0m","T":"2024-09-15 20:33:25.077","M":"当前运行模式","env":"dev","is_debug":true}
{"L":"\u001b[34mINFO\u001b[0m","T":"2024-09-15 20:33:31.455","M":"成功同步 0 条新 Api 到数据库 ","count":0}
{"L":"\u001b[34mINFO\u001b[0m","T":"2024-09-15 20:34:45.808","M":"当前运行模式","env":"dev","is_debug":true}
{"L":"\u001b[34mINFO\u001b[0m","T":"2024-09-15 20:34:52.43","M":"成功同步 0 条新 Api 到数据库 ","count":0}
{"L":"\u001b[34mINFO\u001b[0m","T":"2024-09-15 20:35:51.995","M":"当前运行模式","env":"dev","is_debug":true}
{"L":"\u001b[34mINFO\u001b[0m","T":"2024-09-15 20:35:59.824","M":"成功同步 0 条新 Api 到数据库 ","count":0}
{"L":"\u001b[34mINFO\u001b[0m","T":"2024-09-15 20:36:27.092","M":"当前运行模式","env":"dev","is_debug":true}
{"L":"\u001b[34mINFO\u001b[0m","T":"2024-09-15 20:36:34.092","M":"成功同步 0 条新 Api 到数据库 ","count":0}
